{"level":"info","time":"2023-12-04 16:31:33","location":"simple_file_server/server.go:23","msg":"服务正在启动..."}
{"level":"info","time":"2023-12-04 16:31:33","location":"simple_file_server/server.go:78","msg":"初始化路由配置..."}
{"level":"info","time":"2023-12-04 16:31:33","location":"simple_file_server/server.go:56","msg":"服务启动成功！"}
{"level":"debug","time":"2023-12-04 16:32:51","location":"simple_file_server/server.go:59","msg":"服务已正常关闭"}
{"level":"info","time":"2023-12-04 16:34:04","location":"simple_file_server/server.go:23","msg":"服务正在启动..."}
{"level":"info","time":"2023-12-04 16:34:05","location":"simple_file_server/server.go:78","msg":"初始化路由配置..."}
{"level":"info","time":"2023-12-04 16:34:05","location":"simple_file_server/server.go:56","msg":"服务启动成功！"}
{"level":"info","time":"2023-12-04 16:35:19","location":"simple_file_server/server.go:23","msg":"服务正在启动..."}
{"level":"info","time":"2023-12-04 16:35:19","location":"simple_file_server/server.go:78","msg":"初始化路由配置..."}
{"level":"info","time":"2023-12-04 16:35:19","location":"simple_file_server/server.go:56","msg":"服务启动成功！"}
{"level":"info","time":"2023-12-04 16:36:02","location":"simple_file_server/server.go:23","msg":"服务正在启动..."}
{"level":"info","time":"2023-12-04 16:36:02","location":"simple_file_server/server.go:78","msg":"初始化路由配置..."}
{"level":"info","time":"2023-12-04 16:36:02","location":"simple_file_server/server.go:56","msg":"服务启动成功！"}
{"level":"info","time":"2023-12-04 16:36:50","location":"simple_file_server/server.go:24","msg":"服务正在启动..."}
{"level":"info","time":"2023-12-04 16:36:50","location":"simple_file_server/server.go:82","msg":"初始化路由配置..."}
{"level":"info","time":"2023-12-04 16:36:50","location":"simple_file_server/server.go:57","msg":"服务启动成功！"}
{"level":"info","time":"2023-12-04 16:40:01","location":"simple_file_server/server.go:24","msg":"服务正在启动..."}
{"level":"info","time":"2023-12-04 16:40:01","location":"simple_file_server/server.go:82","msg":"初始化路由配置..."}
{"level":"info","time":"2023-12-04 16:40:03","location":"simple_file_server/server.go:24","msg":"服务正在启动..."}
{"level":"info","time":"2023-12-04 16:40:03","location":"simple_file_server/server.go:82","msg":"初始化路由配置..."}
{"level":"info","time":"2023-12-04 16:40:41","location":"simple_file_server/server.go:24","msg":"服务正在启动..."}
{"level":"info","time":"2023-12-04 16:40:41","location":"simple_file_server/server.go:82","msg":"初始化路由配置..."}
{"level":"info","time":"2023-12-04 16:40:41","location":"simple_file_server/server.go:57","msg":"服务启动成功！"}
{"level":"info","time":"2023-12-04 16:45:21","location":"simple_file_server/server.go:24","msg":"服务正在启动..."}
{"level":"info","time":"2023-12-04 16:45:21","location":"simple_file_server/server.go:82","msg":"初始化路由配置..."}
{"level":"info","time":"2023-12-04 16:45:21","location":"simple_file_server/server.go:57","msg":"服务启动成功！"}
{"level":"info","time":"2023-12-04 16:46:52","location":"simple_file_server/server.go:24","msg":"服务正在启动..."}
{"level":"info","time":"2023-12-04 16:46:52","location":"simple_file_server/server.go:82","msg":"初始化路由配置..."}
{"level":"info","time":"2023-12-04 16:46:52","location":"simple_file_server/server.go:57","msg":"服务启动成功！"}
{"level":"info","time":"2023-12-04 16:48:04","location":"simple_file_server/server.go:24","msg":"服务正在启动..."}
{"level":"info","time":"2023-12-04 16:48:04","location":"simple_file_server/server.go:82","msg":"初始化路由配置..."}
{"level":"info","time":"2023-12-04 16:48:04","location":"simple_file_server/server.go:57","msg":"服务启动成功！"}
{"level":"info","time":"2023-12-04 16:48:17","location":"simple_file_server/server.go:24","msg":"服务正在启动..."}
{"level":"info","time":"2023-12-04 16:48:17","location":"simple_file_server/server.go:82","msg":"初始化路由配置..."}
{"level":"info","time":"2023-12-04 16:48:31","location":"simple_file_server/server.go:24","msg":"服务正在启动..."}
{"level":"info","time":"2023-12-04 16:48:31","location":"simple_file_server/server.go:82","msg":"初始化路由配置..."}
{"level":"info","time":"2023-12-04 16:48:31","location":"simple_file_server/server.go:57","msg":"服务启动成功！"}
{"level":"info","time":"2023-12-04 16:50:12","location":"simple_file_server/server.go:24","msg":"服务正在启动..."}
{"level":"info","time":"2023-12-04 16:50:12","location":"simple_file_server/server.go:82","msg":"初始化路由配置..."}
{"level":"info","time":"2023-12-04 16:50:12","location":"simple_file_server/server.go:57","msg":"服务启动成功！"}
{"level":"info","time":"2023-12-04 16:50:18","location":"simple_file_server/server.go:24","msg":"服务正在启动..."}
{"level":"info","time":"2023-12-04 16:50:18","location":"simple_file_server/server.go:82","msg":"初始化路由配置..."}
{"level":"info","time":"2023-12-04 16:50:18","location":"simple_file_server/server.go:57","msg":"服务启动成功！"}
{"level":"info","time":"2023-12-04 16:52:34","location":"simple_file_server/server.go:24","msg":"服务正在启动..."}
{"level":"info","time":"2023-12-04 16:52:34","location":"simple_file_server/server.go:82","msg":"初始化路由配置..."}
{"level":"info","time":"2023-12-04 16:52:34","location":"simple_file_server/server.go:57","msg":"服务启动成功！"}
{"level":"info","time":"2023-12-04 16:53:33","location":"simple_file_server/server.go:24","msg":"服务正在启动..."}
{"level":"info","time":"2023-12-04 16:53:33","location":"simple_file_server/server.go:82","msg":"初始化路由配置..."}
{"level":"info","time":"2023-12-04 16:53:33","location":"simple_file_server/server.go:57","msg":"服务启动成功！"}
{"level":"info","time":"2023-12-04 16:56:53","location":"simple_file_server/server.go:24","msg":"服务正在启动..."}
{"level":"info","time":"2023-12-04 16:56:53","location":"simple_file_server/server.go:82","msg":"初始化路由配置..."}
{"level":"info","time":"2023-12-04 16:56:53","location":"simple_file_server/server.go:57","msg":"服务启动成功！"}
{"level":"info","time":"2023-12-04 16:57:29","location":"simple_file_server/server.go:24","msg":"服务正在启动..."}
{"level":"info","time":"2023-12-04 16:57:29","location":"simple_file_server/server.go:82","msg":"初始化路由配置..."}
{"level":"info","time":"2023-12-04 16:57:29","location":"simple_file_server/server.go:57","msg":"服务启动成功！"}
{"level":"info","time":"2023-12-04 16:57:51","location":"simple_file_server/server.go:24","msg":"服务正在启动..."}
{"level":"info","time":"2023-12-04 16:57:51","location":"simple_file_server/server.go:82","msg":"初始化路由配置..."}
{"level":"info","time":"2023-12-04 16:57:51","location":"simple_file_server/server.go:57","msg":"服务启动成功！"}
{"level":"debug","time":"2023-12-04 16:58:02","location":"simple_file_server/server.go:60","msg":"服务已正常关闭"}
{"level":"info","time":"2023-12-04 16:58:07","location":"simple_file_server/server.go:24","msg":"服务正在启动..."}
{"level":"info","time":"2023-12-04 16:58:07","location":"simple_file_server/server.go:82","msg":"初始化路由配置..."}
{"level":"info","time":"2023-12-04 16:58:07","location":"simple_file_server/server.go:57","msg":"服务启动成功！"}
{"level":"info","time":"2023-12-04 16:59:56","location":"simple_file_server/server.go:24","msg":"服务正在启动..."}
{"level":"info","time":"2023-12-04 16:59:56","location":"simple_file_server/server.go:82","msg":"初始化路由配置..."}
{"level":"info","time":"2023-12-04 16:59:56","location":"simple_file_server/server.go:57","msg":"服务启动成功！"}
{"level":"info","time":"2023-12-04 17:00:16","location":"simple_file_server/server.go:24","msg":"服务正在启动..."}
{"level":"info","time":"2023-12-04 17:00:16","location":"simple_file_server/server.go:82","msg":"初始化路由配置..."}
{"level":"info","time":"2023-12-04 17:00:16","location":"simple_file_server/server.go:57","msg":"服务启动成功！"}
{"level":"info","time":"2023-12-04 17:00:22","location":"simple_file_server/server.go:24","msg":"服务正在启动..."}
{"level":"info","time":"2023-12-04 17:00:22","location":"simple_file_server/server.go:82","msg":"初始化路由配置..."}
{"level":"info","time":"2023-12-04 17:00:22","location":"simple_file_server/server.go:57","msg":"服务启动成功！"}
{"level":"info","time":"2023-12-04 17:00:38","location":"simple_file_server/server.go:24","msg":"服务正在启动..."}
{"level":"info","time":"2023-12-04 17:00:38","location":"simple_file_server/server.go:82","msg":"初始化路由配置..."}
{"level":"info","time":"2023-12-04 17:00:38","location":"simple_file_server/server.go:57","msg":"服务启动成功！"}
{"level":"info","time":"2023-12-04 17:00:50","location":"simple_file_server/server.go:24","msg":"服务正在启动..."}
{"level":"info","time":"2023-12-04 17:00:50","location":"simple_file_server/server.go:82","msg":"初始化路由配置..."}
{"level":"info","time":"2023-12-04 17:00:50","location":"simple_file_server/server.go:57","msg":"服务启动成功！"}
{"level":"info","time":"2023-12-04 17:01:00","location":"simple_file_server/server.go:24","msg":"服务正在启动..."}
{"level":"info","time":"2023-12-04 17:01:00","location":"simple_file_server/server.go:82","msg":"初始化路由配置..."}
{"level":"info","time":"2023-12-04 17:01:00","location":"simple_file_server/server.go:57","msg":"服务启动成功！"}
{"level":"info","time":"2023-12-04 17:01:18","location":"simple_file_server/server.go:24","msg":"服务正在启动..."}
{"level":"info","time":"2023-12-04 17:01:18","location":"simple_file_server/server.go:82","msg":"初始化路由配置..."}
{"level":"info","time":"2023-12-04 17:01:18","location":"simple_file_server/server.go:57","msg":"服务启动成功！"}
{"level":"info","time":"2023-12-04 17:01:23","location":"simple_file_server/server.go:24","msg":"服务正在启动..."}
{"level":"info","time":"2023-12-04 17:01:23","location":"simple_file_server/server.go:82","msg":"初始化路由配置..."}
{"level":"info","time":"2023-12-04 17:01:23","location":"simple_file_server/server.go:57","msg":"服务启动成功！"}
{"level":"info","time":"2023-12-04 17:01:29","location":"simple_file_server/server.go:24","msg":"服务正在启动..."}
{"level":"info","time":"2023-12-04 17:01:29","location":"simple_file_server/server.go:82","msg":"初始化路由配置..."}
{"level":"info","time":"2023-12-04 17:01:29","location":"simple_file_server/server.go:57","msg":"服务启动成功！"}
{"level":"info","time":"2023-12-04 17:02:17","location":"simple_file_server/server.go:24","msg":"服务正在启动..."}
{"level":"info","time":"2023-12-04 17:02:17","location":"simple_file_server/server.go:82","msg":"初始化路由配置..."}
{"level":"info","time":"2023-12-04 17:02:17","location":"simple_file_server/server.go:57","msg":"服务启动成功！"}
{"level":"info","time":"2023-12-04 17:02:56","location":"simple_file_server/server.go:24","msg":"服务正在启动..."}
{"level":"info","time":"2023-12-04 17:02:56","location":"simple_file_server/server.go:82","msg":"初始化路由配置..."}
{"level":"info","time":"2023-12-04 17:02:56","location":"simple_file_server/server.go:57","msg":"服务启动成功！"}
{"level":"info","time":"2023-12-04 17:03:00","location":"simple_file_server/server.go:24","msg":"服务正在启动..."}
{"level":"info","time":"2023-12-04 17:03:00","location":"simple_file_server/server.go:82","msg":"初始化路由配置..."}
{"level":"info","time":"2023-12-04 17:03:00","location":"simple_file_server/server.go:57","msg":"服务启动成功！"}
{"level":"info","time":"2023-12-04 17:03:22","location":"simple_file_server/server.go:24","msg":"服务正在启动..."}
{"level":"info","time":"2023-12-04 17:03:22","location":"simple_file_server/server.go:82","msg":"初始化路由配置..."}
{"level":"info","time":"2023-12-04 17:03:22","location":"simple_file_server/server.go:57","msg":"服务启动成功！"}
{"level":"info","time":"2023-12-04 17:04:49","location":"simple_file_server/server.go:24","msg":"服务正在启动..."}
{"level":"info","time":"2023-12-04 17:04:49","location":"simple_file_server/server.go:82","msg":"初始化路由配置..."}
{"level":"info","time":"2023-12-04 17:04:49","location":"simple_file_server/server.go:57","msg":"服务启动成功！"}
{"level":"info","time":"2023-12-04 17:05:38","location":"simple_file_server/server.go:24","msg":"服务正在启动..."}
{"level":"info","time":"2023-12-04 17:05:38","location":"simple_file_server/server.go:82","msg":"初始化路由配置..."}
{"level":"info","time":"2023-12-04 17:05:38","location":"simple_file_server/server.go:57","msg":"服务启动成功！"}
{"level":"info","time":"2023-12-04 17:09:27","location":"simple_file_server/server.go:24","msg":"服务正在启动..."}
{"level":"info","time":"2023-12-04 17:09:27","location":"simple_file_server/server.go:82","msg":"初始化路由配置..."}
{"level":"info","time":"2023-12-04 17:09:27","location":"simple_file_server/server.go:57","msg":"服务启动成功！"}
{"level":"info","time":"2023-12-04 17:12:52","location":"simple_file_server/server.go:24","msg":"服务正在启动..."}
{"level":"info","time":"2023-12-04 17:12:52","location":"simple_file_server/server.go:82","msg":"初始化路由配置..."}
{"level":"info","time":"2023-12-04 17:12:52","location":"simple_file_server/server.go:57","msg":"服务启动成功！"}
{"level":"debug","time":"2023-12-04 17:12:56","location":"simple_file_server/server.go:60","msg":"服务已正常关闭"}
{"level":"info","time":"2023-12-05 09:04:31","location":"simple_file_server/server.go:24","msg":"服务正在启动..."}
{"level":"info","time":"2023-12-05 09:04:31","location":"simple_file_server/server.go:82","msg":"初始化路由配置..."}
{"level":"info","time":"2023-12-05 09:04:31","location":"simple_file_server/server.go:57","msg":"服务启动成功！"}
{"level":"info","time":"2023-12-05 09:04:33","location":"simple_file_server/server.go:24","msg":"服务正在启动..."}
{"level":"info","time":"2023-12-05 09:04:33","location":"simple_file_server/server.go:82","msg":"初始化路由配置..."}
{"level":"info","time":"2023-12-05 09:04:33","location":"simple_file_server/server.go:57","msg":"服务启动成功！"}
{"level":"info","time":"2023-12-05 09:18:56","location":"simple_file_server/server.go:24","msg":"服务正在启动..."}
{"level":"info","time":"2023-12-05 09:18:56","location":"simple_file_server/server.go:82","msg":"初始化路由配置..."}
{"level":"info","time":"2023-12-05 09:18:56","location":"simple_file_server/server.go:57","msg":"服务启动成功！"}
{"level":"info","time":"2023-12-05 09:21:04","location":"simple_file_server/server.go:24","msg":"服务正在启动..."}
{"level":"info","time":"2023-12-05 09:21:04","location":"simple_file_server/server.go:82","msg":"初始化路由配置..."}
{"level":"info","time":"2023-12-05 09:21:04","location":"simple_file_server/server.go:57","msg":"服务启动成功！"}
{"level":"info","time":"2023-12-05 09:21:45","location":"simple_file_server/server.go:24","msg":"服务正在启动..."}
{"level":"info","time":"2023-12-05 09:21:45","location":"simple_file_server/server.go:82","msg":"初始化路由配置..."}
{"level":"info","time":"2023-12-05 09:21:45","location":"simple_file_server/server.go:57","msg":"服务启动成功！"}
{"level":"debug","time":"2023-12-05 09:25:51","location":"simple_file_server/server.go:60","msg":"服务已正常关闭"}
{"level":"info","time":"2023-12-05 09:36:58","location":"simple_file_server/server.go:24","msg":"服务正在启动..."}
{"level":"info","time":"2023-12-05 09:36:58","location":"simple_file_server/server.go:82","msg":"初始化路由配置..."}
{"level":"info","time":"2023-12-05 09:36:58","location":"simple_file_server/server.go:57","msg":"服务启动成功！"}
{"level":"info","time":"2023-12-05 09:38:34","location":"simple_file_server/server.go:24","msg":"服务正在启动..."}
{"level":"info","time":"2023-12-05 09:38:34","location":"simple_file_server/server.go:82","msg":"初始化路由配置..."}
{"level":"info","time":"2023-12-05 09:38:34","location":"simple_file_server/server.go:57","msg":"服务启动成功！"}
{"level":"info","time":"2023-12-05 09:39:28","location":"simple_file_server/server.go:24","msg":"服务正在启动..."}
{"level":"info","time":"2023-12-05 09:39:28","location":"simple_file_server/server.go:82","msg":"初始化路由配置..."}
{"level":"info","time":"2023-12-05 09:39:28","location":"simple_file_server/server.go:57","msg":"服务启动成功！"}
{"level":"info","time":"2023-12-05 09:39:46","location":"simple_file_server/server.go:24","msg":"服务正在启动..."}
{"level":"info","time":"2023-12-05 09:39:46","location":"simple_file_server/server.go:82","msg":"初始化路由配置..."}
{"level":"info","time":"2023-12-05 09:39:46","location":"simple_file_server/server.go:57","msg":"服务启动成功！"}
{"level":"info","time":"2023-12-05 09:40:02","location":"simple_file_server/server.go:24","msg":"服务正在启动..."}
{"level":"info","time":"2023-12-05 09:40:02","location":"simple_file_server/server.go:82","msg":"初始化路由配置..."}
{"level":"info","time":"2023-12-05 09:40:02","location":"simple_file_server/server.go:57","msg":"服务启动成功！"}
{"level":"info","time":"2023-12-05 09:40:08","location":"simple_file_server/server.go:24","msg":"服务正在启动..."}
{"level":"info","time":"2023-12-05 09:40:08","location":"simple_file_server/server.go:82","msg":"初始化路由配置..."}
{"level":"info","time":"2023-12-05 09:40:08","location":"simple_file_server/server.go:57","msg":"服务启动成功！"}
{"level":"info","time":"2023-12-05 09:40:48","location":"simple_file_server/server.go:24","msg":"服务正在启动..."}
{"level":"info","time":"2023-12-05 09:40:48","location":"simple_file_server/server.go:82","msg":"初始化路由配置..."}
{"level":"info","time":"2023-12-05 09:40:48","location":"simple_file_server/server.go:57","msg":"服务启动成功！"}
{"level":"info","time":"2023-12-05 09:41:18","location":"simple_file_server/server.go:24","msg":"服务正在启动..."}
{"level":"info","time":"2023-12-05 09:41:18","location":"simple_file_server/server.go:82","msg":"初始化路由配置..."}
{"level":"info","time":"2023-12-05 09:41:18","location":"simple_file_server/server.go:57","msg":"服务启动成功！"}
{"level":"info","time":"2023-12-05 09:41:33","location":"simple_file_server/server.go:24","msg":"服务正在启动..."}
{"level":"info","time":"2023-12-05 09:41:33","location":"simple_file_server/server.go:82","msg":"初始化路由配置..."}
{"level":"info","time":"2023-12-05 09:41:33","location":"simple_file_server/server.go:57","msg":"服务启动成功！"}
{"level":"info","time":"2023-12-05 09:41:49","location":"simple_file_server/server.go:24","msg":"服务正在启动..."}
{"level":"info","time":"2023-12-05 09:41:49","location":"simple_file_server/server.go:82","msg":"初始化路由配置..."}
{"level":"info","time":"2023-12-05 09:41:49","location":"simple_file_server/server.go:57","msg":"服务启动成功！"}
{"level":"info","time":"2023-12-05 09:42:05","location":"simple_file_server/server.go:24","msg":"服务正在启动..."}
{"level":"info","time":"2023-12-05 09:42:05","location":"simple_file_server/server.go:82","msg":"初始化路由配置..."}
{"level":"info","time":"2023-12-05 09:42:05","location":"simple_file_server/server.go:57","msg":"服务启动成功！"}
{"level":"info","time":"2023-12-05 09:42:18","location":"simple_file_server/server.go:24","msg":"服务正在启动..."}
{"level":"info","time":"2023-12-05 09:42:18","location":"simple_file_server/server.go:82","msg":"初始化路由配置..."}
{"level":"info","time":"2023-12-05 09:42:18","location":"simple_file_server/server.go:57","msg":"服务启动成功！"}
{"level":"info","time":"2023-12-05 09:42:28","location":"simple_file_server/server.go:24","msg":"服务正在启动..."}
{"level":"info","time":"2023-12-05 09:42:28","location":"simple_file_server/server.go:82","msg":"初始化路由配置..."}
{"level":"info","time":"2023-12-05 09:42:28","location":"simple_file_server/server.go:57","msg":"服务启动成功！"}
{"level":"info","time":"2023-12-05 09:44:22","location":"simple_file_server/server.go:24","msg":"服务正在启动..."}
{"level":"info","time":"2023-12-05 09:44:22","location":"simple_file_server/server.go:82","msg":"初始化路由配置..."}
{"level":"info","time":"2023-12-05 09:44:22","location":"simple_file_server/server.go:57","msg":"服务启动成功！"}
{"level":"info","time":"2023-12-05 09:44:28","location":"simple_file_server/server.go:24","msg":"服务正在启动..."}
{"level":"info","time":"2023-12-05 09:44:28","location":"simple_file_server/server.go:82","msg":"初始化路由配置..."}
{"level":"info","time":"2023-12-05 09:44:28","location":"simple_file_server/server.go:57","msg":"服务启动成功！"}
{"level":"info","time":"2023-12-05 09:44:34","location":"simple_file_server/server.go:24","msg":"服务正在启动..."}
{"level":"info","time":"2023-12-05 09:44:34","location":"simple_file_server/server.go:82","msg":"初始化路由配置..."}
{"level":"info","time":"2023-12-05 09:44:34","location":"simple_file_server/server.go:57","msg":"服务启动成功！"}
{"level":"info","time":"2023-12-05 09:44:39","location":"simple_file_server/server.go:24","msg":"服务正在启动..."}
{"level":"info","time":"2023-12-05 09:44:39","location":"simple_file_server/server.go:82","msg":"初始化路由配置..."}
{"level":"info","time":"2023-12-05 09:44:39","location":"simple_file_server/server.go:57","msg":"服务启动成功！"}
{"level":"info","time":"2023-12-05 09:46:22","location":"simple_file_server/server.go:24","msg":"服务正在启动..."}
{"level":"info","time":"2023-12-05 09:46:22","location":"simple_file_server/server.go:82","msg":"初始化路由配置..."}
{"level":"info","time":"2023-12-05 09:46:22","location":"simple_file_server/server.go:57","msg":"服务启动成功！"}
{"level":"info","time":"2023-12-05 09:46:52","location":"simple_file_server/server.go:24","msg":"服务正在启动..."}
{"level":"info","time":"2023-12-05 09:46:52","location":"simple_file_server/server.go:82","msg":"初始化路由配置..."}
{"level":"info","time":"2023-12-05 09:46:52","location":"simple_file_server/server.go:57","msg":"服务启动成功！"}
{"level":"info","time":"2023-12-05 09:47:00","location":"simple_file_server/server.go:24","msg":"服务正在启动..."}
{"level":"info","time":"2023-12-05 09:47:00","location":"simple_file_server/server.go:82","msg":"初始化路由配置..."}
{"level":"info","time":"2023-12-05 09:47:00","location":"simple_file_server/server.go:57","msg":"服务启动成功！"}
{"level":"info","time":"2023-12-05 09:47:29","location":"simple_file_server/server.go:24","msg":"服务正在启动..."}
{"level":"info","time":"2023-12-05 09:47:29","location":"simple_file_server/server.go:82","msg":"初始化路由配置..."}
{"level":"info","time":"2023-12-05 09:47:29","location":"simple_file_server/server.go:57","msg":"服务启动成功！"}
{"level":"info","time":"2023-12-05 09:47:46","location":"simple_file_server/server.go:24","msg":"服务正在启动..."}
{"level":"info","time":"2023-12-05 09:47:46","location":"simple_file_server/server.go:82","msg":"初始化路由配置..."}
{"level":"info","time":"2023-12-05 09:47:46","location":"simple_file_server/server.go:57","msg":"服务启动成功！"}
{"level":"info","time":"2023-12-05 09:48:07","location":"simple_file_server/server.go:24","msg":"服务正在启动..."}
{"level":"info","time":"2023-12-05 09:48:07","location":"simple_file_server/server.go:82","msg":"初始化路由配置..."}
{"level":"info","time":"2023-12-05 09:48:07","location":"simple_file_server/server.go:57","msg":"服务启动成功！"}
{"level":"info","time":"2023-12-05 09:50:16","location":"simple_file_server/server.go:24","msg":"服务正在启动..."}
{"level":"info","time":"2023-12-05 09:50:16","location":"simple_file_server/server.go:82","msg":"初始化路由配置..."}
{"level":"info","time":"2023-12-05 09:50:16","location":"simple_file_server/server.go:57","msg":"服务启动成功！"}
{"level":"info","time":"2023-12-05 09:50:24","location":"simple_file_server/server.go:24","msg":"服务正在启动..."}
{"level":"info","time":"2023-12-05 09:50:24","location":"simple_file_server/server.go:82","msg":"初始化路由配置..."}
{"level":"info","time":"2023-12-05 09:50:24","location":"simple_file_server/server.go:57","msg":"服务启动成功！"}
{"level":"info","time":"2023-12-05 09:50:35","location":"simple_file_server/server.go:24","msg":"服务正在启动..."}
{"level":"info","time":"2023-12-05 09:50:35","location":"simple_file_server/server.go:82","msg":"初始化路由配置..."}
{"level":"info","time":"2023-12-05 09:50:35","location":"simple_file_server/server.go:57","msg":"服务启动成功！"}
{"level":"info","time":"2023-12-05 09:51:24","location":"simple_file_server/server.go:24","msg":"服务正在启动..."}
{"level":"info","time":"2023-12-05 09:51:24","location":"simple_file_server/server.go:82","msg":"初始化路由配置..."}
{"level":"info","time":"2023-12-05 09:51:24","location":"simple_file_server/server.go:57","msg":"服务启动成功！"}
{"level":"info","time":"2023-12-05 09:51:50","location":"simple_file_server/server.go:24","msg":"服务正在启动..."}
{"level":"info","time":"2023-12-05 09:51:50","location":"simple_file_server/server.go:82","msg":"初始化路由配置..."}
{"level":"info","time":"2023-12-05 09:51:50","location":"simple_file_server/server.go:57","msg":"服务启动成功！"}
{"level":"info","time":"2023-12-05 09:52:39","location":"simple_file_server/server.go:24","msg":"服务正在启动..."}
{"level":"info","time":"2023-12-05 09:52:39","location":"simple_file_server/server.go:82","msg":"初始化路由配置..."}
{"level":"info","time":"2023-12-05 09:52:39","location":"simple_file_server/server.go:57","msg":"服务启动成功！"}
{"level":"info","time":"2023-12-05 09:52:41","location":"simple_file_server/server.go:24","msg":"服务正在启动..."}
{"level":"info","time":"2023-12-05 09:52:41","location":"simple_file_server/server.go:82","msg":"初始化路由配置..."}
{"level":"info","time":"2023-12-05 09:52:41","location":"simple_file_server/server.go:57","msg":"服务启动成功！"}
{"level":"info","time":"2023-12-05 09:57:00","location":"simple_file_server/server.go:24","msg":"服务正在启动..."}
{"level":"info","time":"2023-12-05 09:57:00","location":"simple_file_server/server.go:82","msg":"初始化路由配置..."}
{"level":"info","time":"2023-12-05 09:57:00","location":"simple_file_server/server.go:57","msg":"服务启动成功！"}
{"level":"info","time":"2023-12-05 10:01:53","location":"simple_file_server/server.go:24","msg":"服务正在启动..."}
{"level":"info","time":"2023-12-05 10:01:53","location":"simple_file_server/server.go:82","msg":"初始化路由配置..."}
{"level":"info","time":"2023-12-05 10:01:53","location":"simple_file_server/server.go:57","msg":"服务启动成功！"}
{"level":"info","time":"2023-12-05 10:03:58","location":"simple_file_server/server.go:24","msg":"服务正在启动..."}
{"level":"info","time":"2023-12-05 10:03:58","location":"simple_file_server/server.go:82","msg":"初始化路由配置..."}
{"level":"info","time":"2023-12-05 10:03:58","location":"simple_file_server/server.go:57","msg":"服务启动成功！"}
{"level":"info","time":"2023-12-05 10:04:59","location":"simple_file_server/server.go:24","msg":"服务正在启动..."}
{"level":"info","time":"2023-12-05 10:04:59","location":"simple_file_server/server.go:82","msg":"初始化路由配置..."}
{"level":"info","time":"2023-12-05 10:04:59","location":"simple_file_server/server.go:57","msg":"服务启动成功！"}
{"level":"info","time":"2023-12-05 10:06:22","location":"simple_file_server/server.go:24","msg":"服务正在启动..."}
{"level":"info","time":"2023-12-05 10:06:22","location":"simple_file_server/server.go:82","msg":"初始化路由配置..."}
{"level":"info","time":"2023-12-05 10:06:22","location":"simple_file_server/server.go:57","msg":"服务启动成功！"}
{"level":"info","time":"2023-12-05 10:07:57","location":"simple_file_server/server.go:24","msg":"服务正在启动..."}
{"level":"info","time":"2023-12-05 10:07:57","location":"simple_file_server/server.go:82","msg":"初始化路由配置..."}
{"level":"info","time":"2023-12-05 10:07:57","location":"simple_file_server/server.go:57","msg":"服务启动成功！"}
{"level":"info","time":"2023-12-05 10:08:10","location":"simple_file_server/server.go:24","msg":"服务正在启动..."}
{"level":"info","time":"2023-12-05 10:08:10","location":"simple_file_server/server.go:82","msg":"初始化路由配置..."}
{"level":"info","time":"2023-12-05 10:08:10","location":"simple_file_server/server.go:57","msg":"服务启动成功！"}
{"level":"info","time":"2023-12-05 10:08:13","location":"simple_file_server/server.go:24","msg":"服务正在启动..."}
{"level":"info","time":"2023-12-05 10:08:13","location":"simple_file_server/server.go:82","msg":"初始化路由配置..."}
{"level":"info","time":"2023-12-05 10:08:13","location":"simple_file_server/server.go:57","msg":"服务启动成功！"}
{"level":"info","time":"2023-12-05 10:08:20","location":"simple_file_server/server.go:24","msg":"服务正在启动..."}
{"level":"info","time":"2023-12-05 10:08:20","location":"simple_file_server/server.go:82","msg":"初始化路由配置..."}
{"level":"info","time":"2023-12-05 10:08:20","location":"simple_file_server/server.go:57","msg":"服务启动成功！"}
{"level":"info","time":"2023-12-05 10:14:25","location":"simple_file_server/server.go:24","msg":"服务正在启动..."}
{"level":"info","time":"2023-12-05 10:14:25","location":"simple_file_server/server.go:82","msg":"初始化路由配置..."}
{"level":"info","time":"2023-12-05 10:14:25","location":"simple_file_server/server.go:57","msg":"服务启动成功！"}
{"level":"info","time":"2023-12-05 10:15:38","location":"simple_file_server/server.go:24","msg":"服务正在启动..."}
{"level":"info","time":"2023-12-05 10:15:38","location":"simple_file_server/server.go:82","msg":"初始化路由配置..."}
{"level":"info","time":"2023-12-05 10:15:38","location":"simple_file_server/server.go:57","msg":"服务启动成功！"}
{"level":"info","time":"2023-12-05 10:16:55","location":"simple_file_server/server.go:24","msg":"服务正在启动..."}
{"level":"info","time":"2023-12-05 10:16:55","location":"simple_file_server/server.go:82","msg":"初始化路由配置..."}
{"level":"info","time":"2023-12-05 10:16:55","location":"simple_file_server/server.go:57","msg":"服务启动成功！"}
{"level":"info","time":"2023-12-05 10:17:02","location":"simple_file_server/server.go:24","msg":"服务正在启动..."}
{"level":"info","time":"2023-12-05 10:17:02","location":"simple_file_server/server.go:82","msg":"初始化路由配置..."}
{"level":"info","time":"2023-12-05 10:17:02","location":"simple_file_server/server.go:57","msg":"服务启动成功！"}
{"level":"info","time":"2023-12-05 10:17:17","location":"simple_file_server/server.go:24","msg":"服务正在启动..."}
{"level":"info","time":"2023-12-05 10:17:17","location":"simple_file_server/server.go:82","msg":"初始化路由配置..."}
{"level":"info","time":"2023-12-05 10:17:17","location":"simple_file_server/server.go:57","msg":"服务启动成功！"}
{"level":"info","time":"2023-12-05 10:17:29","location":"simple_file_server/server.go:24","msg":"服务正在启动..."}
{"level":"info","time":"2023-12-05 10:17:29","location":"simple_file_server/server.go:82","msg":"初始化路由配置..."}
{"level":"info","time":"2023-12-05 10:17:29","location":"simple_file_server/server.go:57","msg":"服务启动成功！"}
{"level":"info","time":"2023-12-05 10:17:44","location":"simple_file_server/server.go:24","msg":"服务正在启动..."}
{"level":"info","time":"2023-12-05 10:17:44","location":"simple_file_server/server.go:82","msg":"初始化路由配置..."}
{"level":"info","time":"2023-12-05 10:17:44","location":"simple_file_server/server.go:57","msg":"服务启动成功！"}
{"level":"info","time":"2023-12-05 10:17:54","location":"simple_file_server/server.go:24","msg":"服务正在启动..."}
{"level":"info","time":"2023-12-05 10:17:54","location":"simple_file_server/server.go:82","msg":"初始化路由配置..."}
{"level":"info","time":"2023-12-05 10:17:54","location":"simple_file_server/server.go:57","msg":"服务启动成功！"}
{"level":"info","time":"2023-12-05 10:17:58","location":"simple_file_server/server.go:24","msg":"服务正在启动..."}
{"level":"info","time":"2023-12-05 10:17:58","location":"simple_file_server/server.go:82","msg":"初始化路由配置..."}
{"level":"info","time":"2023-12-05 10:17:58","location":"simple_file_server/server.go:57","msg":"服务启动成功！"}
{"level":"info","time":"2023-12-05 10:18:12","location":"simple_file_server/server.go:24","msg":"服务正在启动..."}
{"level":"info","time":"2023-12-05 10:18:12","location":"simple_file_server/server.go:82","msg":"初始化路由配置..."}
{"level":"info","time":"2023-12-05 10:18:12","location":"simple_file_server/server.go:57","msg":"服务启动成功！"}
{"level":"info","time":"2023-12-05 10:18:18","location":"simple_file_server/server.go:24","msg":"服务正在启动..."}
{"level":"info","time":"2023-12-05 10:18:18","location":"simple_file_server/server.go:82","msg":"初始化路由配置..."}
{"level":"info","time":"2023-12-05 10:18:18","location":"simple_file_server/server.go:57","msg":"服务启动成功！"}
{"level":"info","time":"2023-12-05 10:20:18","location":"simple_file_server/server.go:24","msg":"服务正在启动..."}
{"level":"info","time":"2023-12-05 10:20:18","location":"simple_file_server/server.go:82","msg":"初始化路由配置..."}
{"level":"info","time":"2023-12-05 10:20:18","location":"simple_file_server/server.go:57","msg":"服务启动成功！"}
{"level":"info","time":"2023-12-05 10:20:27","location":"simple_file_server/server.go:24","msg":"服务正在启动..."}
{"level":"info","time":"2023-12-05 10:20:27","location":"simple_file_server/server.go:82","msg":"初始化路由配置..."}
{"level":"info","time":"2023-12-05 10:20:27","location":"simple_file_server/server.go:57","msg":"服务启动成功！"}
{"level":"info","time":"2023-12-05 10:20:49","location":"simple_file_server/server.go:24","msg":"服务正在启动..."}
{"level":"info","time":"2023-12-05 10:20:49","location":"simple_file_server/server.go:82","msg":"初始化路由配置..."}
{"level":"info","time":"2023-12-05 10:20:49","location":"simple_file_server/server.go:57","msg":"服务启动成功！"}
{"level":"info","time":"2023-12-05 10:20:57","location":"simple_file_server/server.go:24","msg":"服务正在启动..."}
{"level":"info","time":"2023-12-05 10:20:57","location":"simple_file_server/server.go:82","msg":"初始化路由配置..."}
{"level":"info","time":"2023-12-05 10:20:57","location":"simple_file_server/server.go:57","msg":"服务启动成功！"}
{"level":"info","time":"2023-12-05 10:21:04","location":"simple_file_server/server.go:24","msg":"服务正在启动..."}
{"level":"info","time":"2023-12-05 10:21:04","location":"simple_file_server/server.go:82","msg":"初始化路由配置..."}
{"level":"info","time":"2023-12-05 10:21:04","location":"simple_file_server/server.go:57","msg":"服务启动成功！"}
{"level":"info","time":"2023-12-05 10:21:18","location":"simple_file_server/server.go:24","msg":"服务正在启动..."}
{"level":"info","time":"2023-12-05 10:21:18","location":"simple_file_server/server.go:82","msg":"初始化路由配置..."}
{"level":"info","time":"2023-12-05 10:21:18","location":"simple_file_server/server.go:57","msg":"服务启动成功！"}
{"level":"info","time":"2023-12-05 10:21:40","location":"simple_file_server/server.go:24","msg":"服务正在启动..."}
{"level":"info","time":"2023-12-05 10:21:40","location":"simple_file_server/server.go:82","msg":"初始化路由配置..."}
{"level":"info","time":"2023-12-05 10:21:40","location":"simple_file_server/server.go:57","msg":"服务启动成功！"}
{"level":"info","time":"2023-12-05 10:22:27","location":"simple_file_server/server.go:24","msg":"服务正在启动..."}
{"level":"info","time":"2023-12-05 10:22:27","location":"simple_file_server/server.go:82","msg":"初始化路由配置..."}
{"level":"info","time":"2023-12-05 10:22:27","location":"simple_file_server/server.go:57","msg":"服务启动成功！"}
{"level":"info","time":"2023-12-05 10:23:06","location":"simple_file_server/server.go:24","msg":"服务正在启动..."}
{"level":"info","time":"2023-12-05 10:23:06","location":"simple_file_server/server.go:82","msg":"初始化路由配置..."}
{"level":"info","time":"2023-12-05 10:23:06","location":"simple_file_server/server.go:57","msg":"服务启动成功！"}
{"level":"info","time":"2023-12-05 10:23:59","location":"simple_file_server/server.go:24","msg":"服务正在启动..."}
{"level":"info","time":"2023-12-05 10:23:59","location":"simple_file_server/server.go:82","msg":"初始化路由配置..."}
{"level":"info","time":"2023-12-05 10:23:59","location":"simple_file_server/server.go:57","msg":"服务启动成功！"}
{"level":"info","time":"2023-12-05 10:24:25","location":"simple_file_server/server.go:24","msg":"服务正在启动..."}
{"level":"info","time":"2023-12-05 10:24:25","location":"simple_file_server/server.go:82","msg":"初始化路由配置..."}
{"level":"info","time":"2023-12-05 10:24:25","location":"simple_file_server/server.go:57","msg":"服务启动成功！"}
{"level":"info","time":"2023-12-05 10:24:40","location":"simple_file_server/server.go:24","msg":"服务正在启动..."}
{"level":"info","time":"2023-12-05 10:24:40","location":"simple_file_server/server.go:82","msg":"初始化路由配置..."}
{"level":"info","time":"2023-12-05 10:24:40","location":"simple_file_server/server.go:57","msg":"服务启动成功！"}
{"level":"info","time":"2023-12-05 10:25:42","location":"simple_file_server/server.go:24","msg":"服务正在启动..."}
{"level":"info","time":"2023-12-05 10:25:42","location":"simple_file_server/server.go:82","msg":"初始化路由配置..."}
{"level":"info","time":"2023-12-05 10:25:42","location":"simple_file_server/server.go:57","msg":"服务启动成功！"}
{"level":"info","time":"2023-12-05 10:26:05","location":"simple_file_server/server.go:24","msg":"服务正在启动..."}
{"level":"info","time":"2023-12-05 10:26:05","location":"simple_file_server/server.go:82","msg":"初始化路由配置..."}
{"level":"info","time":"2023-12-05 10:26:05","location":"simple_file_server/server.go:57","msg":"服务启动成功！"}
{"level":"info","time":"2023-12-05 10:26:17","location":"simple_file_server/server.go:24","msg":"服务正在启动..."}
{"level":"info","time":"2023-12-05 10:26:17","location":"simple_file_server/server.go:82","msg":"初始化路由配置..."}
{"level":"info","time":"2023-12-05 10:26:17","location":"simple_file_server/server.go:57","msg":"服务启动成功！"}
{"level":"info","time":"2023-12-05 10:26:54","location":"simple_file_server/server.go:24","msg":"服务正在启动..."}
{"level":"info","time":"2023-12-05 10:26:54","location":"simple_file_server/server.go:82","msg":"初始化路由配置..."}
{"level":"info","time":"2023-12-05 10:26:54","location":"simple_file_server/server.go:57","msg":"服务启动成功！"}
{"level":"info","time":"2023-12-05 10:28:16","location":"simple_file_server/server.go:24","msg":"服务正在启动..."}
{"level":"info","time":"2023-12-05 10:28:16","location":"simple_file_server/server.go:82","msg":"初始化路由配置..."}
{"level":"info","time":"2023-12-05 10:28:16","location":"simple_file_server/server.go:57","msg":"服务启动成功！"}
{"level":"info","time":"2023-12-05 10:28:23","location":"simple_file_server/server.go:24","msg":"服务正在启动..."}
{"level":"info","time":"2023-12-05 10:28:23","location":"simple_file_server/server.go:82","msg":"初始化路由配置..."}
{"level":"info","time":"2023-12-05 10:28:23","location":"simple_file_server/server.go:57","msg":"服务启动成功！"}
{"level":"info","time":"2023-12-05 10:28:27","location":"simple_file_server/server.go:24","msg":"服务正在启动..."}
{"level":"info","time":"2023-12-05 10:28:27","location":"simple_file_server/server.go:82","msg":"初始化路由配置..."}
{"level":"info","time":"2023-12-05 10:28:27","location":"simple_file_server/server.go:57","msg":"服务启动成功！"}
{"level":"info","time":"2023-12-05 10:28:31","location":"simple_file_server/server.go:24","msg":"服务正在启动..."}
{"level":"info","time":"2023-12-05 10:28:31","location":"simple_file_server/server.go:82","msg":"初始化路由配置..."}
{"level":"info","time":"2023-12-05 10:28:31","location":"simple_file_server/server.go:57","msg":"服务启动成功！"}
{"level":"info","time":"2023-12-05 10:28:45","location":"simple_file_server/server.go:24","msg":"服务正在启动..."}
{"level":"info","time":"2023-12-05 10:28:45","location":"simple_file_server/server.go:82","msg":"初始化路由配置..."}
{"level":"info","time":"2023-12-05 10:28:45","location":"simple_file_server/server.go:57","msg":"服务启动成功！"}
{"level":"info","time":"2023-12-05 10:29:26","location":"simple_file_server/server.go:24","msg":"服务正在启动..."}
{"level":"info","time":"2023-12-05 10:29:26","location":"simple_file_server/server.go:82","msg":"初始化路由配置..."}
{"level":"info","time":"2023-12-05 10:29:26","location":"simple_file_server/server.go:57","msg":"服务启动成功！"}
{"level":"info","time":"2023-12-05 10:29:54","location":"simple_file_server/server.go:24","msg":"服务正在启动..."}
{"level":"info","time":"2023-12-05 10:29:54","location":"simple_file_server/server.go:82","msg":"初始化路由配置..."}
{"level":"info","time":"2023-12-05 10:29:54","location":"simple_file_server/server.go:57","msg":"服务启动成功！"}
{"level":"info","time":"2023-12-05 10:30:26","location":"simple_file_server/server.go:24","msg":"服务正在启动..."}
{"level":"info","time":"2023-12-05 10:30:26","location":"simple_file_server/server.go:82","msg":"初始化路由配置..."}
{"level":"info","time":"2023-12-05 10:30:26","location":"simple_file_server/server.go:57","msg":"服务启动成功！"}
{"level":"info","time":"2023-12-05 10:30:55","location":"simple_file_server/server.go:24","msg":"服务正在启动..."}
{"level":"info","time":"2023-12-05 10:30:55","location":"simple_file_server/server.go:82","msg":"初始化路由配置..."}
{"level":"info","time":"2023-12-05 10:30:55","location":"simple_file_server/server.go:57","msg":"服务启动成功！"}
{"level":"info","time":"2023-12-05 10:31:00","location":"simple_file_server/server.go:24","msg":"服务正在启动..."}
{"level":"info","time":"2023-12-05 10:31:00","location":"simple_file_server/server.go:82","msg":"初始化路由配置..."}
{"level":"info","time":"2023-12-05 10:31:00","location":"simple_file_server/server.go:57","msg":"服务启动成功！"}
{"level":"info","time":"2023-12-05 10:31:27","location":"simple_file_server/server.go:24","msg":"服务正在启动..."}
{"level":"info","time":"2023-12-05 10:31:27","location":"simple_file_server/server.go:82","msg":"初始化路由配置..."}
{"level":"info","time":"2023-12-05 10:31:27","location":"simple_file_server/server.go:57","msg":"服务启动成功！"}
{"level":"info","time":"2023-12-05 10:31:39","location":"simple_file_server/server.go:24","msg":"服务正在启动..."}
{"level":"info","time":"2023-12-05 10:31:39","location":"simple_file_server/server.go:82","msg":"初始化路由配置..."}
{"level":"info","time":"2023-12-05 10:31:39","location":"simple_file_server/server.go:57","msg":"服务启动成功！"}
{"level":"info","time":"2023-12-05 10:33:26","location":"simple_file_server/server.go:24","msg":"服务正在启动..."}
{"level":"info","time":"2023-12-05 10:33:26","location":"simple_file_server/server.go:82","msg":"初始化路由配置..."}
{"level":"info","time":"2023-12-05 10:33:26","location":"simple_file_server/server.go:57","msg":"服务启动成功！"}
{"level":"info","time":"2023-12-05 10:34:45","location":"simple_file_server/server.go:24","msg":"服务正在启动..."}
{"level":"info","time":"2023-12-05 10:34:45","location":"simple_file_server/server.go:82","msg":"初始化路由配置..."}
{"level":"info","time":"2023-12-05 10:34:45","location":"simple_file_server/server.go:57","msg":"服务启动成功！"}
{"level":"info","time":"2023-12-05 10:35:17","location":"simple_file_server/server.go:24","msg":"服务正在启动..."}
{"level":"info","time":"2023-12-05 10:35:17","location":"simple_file_server/server.go:82","msg":"初始化路由配置..."}
{"level":"info","time":"2023-12-05 10:35:17","location":"simple_file_server/server.go:57","msg":"服务启动成功！"}
{"level":"info","time":"2023-12-05 10:35:52","location":"simple_file_server/server.go:24","msg":"服务正在启动..."}
{"level":"info","time":"2023-12-05 10:35:52","location":"simple_file_server/server.go:82","msg":"初始化路由配置..."}
{"level":"info","time":"2023-12-05 10:35:52","location":"simple_file_server/server.go:57","msg":"服务启动成功！"}
{"level":"debug","time":"2023-12-05 10:36:00","location":"simple_file_server/server.go:60","msg":"服务已正常关闭"}
{"level":"info","time":"2023-12-05 10:45:20","location":"simple_file_server/server.go:24","msg":"服务正在启动..."}
{"level":"info","time":"2023-12-05 10:45:20","location":"simple_file_server/server.go:82","msg":"初始化路由配置..."}
{"level":"info","time":"2023-12-05 10:45:20","location":"simple_file_server/server.go:57","msg":"服务启动成功！"}
{"level":"info","time":"2023-12-05 10:47:09","location":"simple_file_server/server.go:24","msg":"服务正在启动..."}
{"level":"info","time":"2023-12-05 10:47:09","location":"simple_file_server/server.go:82","msg":"初始化路由配置..."}
{"level":"info","time":"2023-12-05 10:47:09","location":"simple_file_server/server.go:57","msg":"服务启动成功！"}
{"level":"info","time":"2023-12-05 10:49:51","location":"simple_file_server/server.go:24","msg":"服务正在启动..."}
{"level":"info","time":"2023-12-05 10:49:51","location":"simple_file_server/server.go:82","msg":"初始化路由配置..."}
{"level":"info","time":"2023-12-05 10:49:51","location":"simple_file_server/server.go:57","msg":"服务启动成功！"}
{"level":"info","time":"2023-12-05 10:50:03","location":"simple_file_server/server.go:24","msg":"服务正在启动..."}
{"level":"info","time":"2023-12-05 10:50:03","location":"simple_file_server/server.go:82","msg":"初始化路由配置..."}
{"level":"info","time":"2023-12-05 10:50:03","location":"simple_file_server/server.go:57","msg":"服务启动成功！"}
{"level":"info","time":"2023-12-05 10:50:45","location":"simple_file_server/server.go:24","msg":"服务正在启动..."}
{"level":"info","time":"2023-12-05 10:50:45","location":"simple_file_server/server.go:82","msg":"初始化路由配置..."}
{"level":"info","time":"2023-12-05 10:50:45","location":"simple_file_server/server.go:57","msg":"服务启动成功！"}
{"level":"info","time":"2023-12-05 10:50:50","location":"simple_file_server/server.go:24","msg":"服务正在启动..."}
{"level":"info","time":"2023-12-05 10:50:50","location":"simple_file_server/server.go:82","msg":"初始化路由配置..."}
{"level":"info","time":"2023-12-05 10:50:50","location":"simple_file_server/server.go:57","msg":"服务启动成功！"}
{"level":"info","time":"2023-12-05 10:51:17","location":"simple_file_server/server.go:24","msg":"服务正在启动..."}
{"level":"info","time":"2023-12-05 10:51:17","location":"simple_file_server/server.go:82","msg":"初始化路由配置..."}
{"level":"info","time":"2023-12-05 10:51:17","location":"simple_file_server/server.go:57","msg":"服务启动成功！"}
{"level":"info","time":"2023-12-05 10:52:21","location":"simple_file_server/server.go:24","msg":"服务正在启动..."}
{"level":"info","time":"2023-12-05 10:52:21","location":"simple_file_server/server.go:82","msg":"初始化路由配置..."}
{"level":"info","time":"2023-12-05 10:52:21","location":"simple_file_server/server.go:57","msg":"服务启动成功！"}
{"level":"info","time":"2023-12-05 10:52:23","location":"simple_file_server/server.go:24","msg":"服务正在启动..."}
{"level":"info","time":"2023-12-05 10:52:23","location":"simple_file_server/server.go:82","msg":"初始化路由配置..."}
{"level":"info","time":"2023-12-05 10:52:23","location":"simple_file_server/server.go:57","msg":"服务启动成功！"}
{"level":"info","time":"2023-12-05 10:52:53","location":"simple_file_server/server.go:24","msg":"服务正在启动..."}
{"level":"info","time":"2023-12-05 10:52:53","location":"simple_file_server/server.go:82","msg":"初始化路由配置..."}
{"level":"info","time":"2023-12-05 10:52:53","location":"simple_file_server/server.go:57","msg":"服务启动成功！"}
{"level":"info","time":"2023-12-05 10:53:44","location":"simple_file_server/server.go:24","msg":"服务正在启动..."}
{"level":"info","time":"2023-12-05 10:53:44","location":"simple_file_server/server.go:82","msg":"初始化路由配置..."}
{"level":"info","time":"2023-12-05 10:53:44","location":"simple_file_server/server.go:57","msg":"服务启动成功！"}
{"level":"debug","time":"2023-12-05 10:54:25","location":"simple_file_server/server.go:60","msg":"服务已正常关闭"}
{"level":"info","time":"2023-12-05 10:54:57","location":"simple_file_server/server.go:24","msg":"服务正在启动..."}
{"level":"info","time":"2023-12-05 10:54:57","location":"simple_file_server/server.go:82","msg":"初始化路由配置..."}
{"level":"info","time":"2023-12-05 10:54:57","location":"simple_file_server/server.go:57","msg":"服务启动成功！"}
{"level":"info","time":"2023-12-05 10:58:08","location":"simple_file_server/server.go:24","msg":"服务正在启动..."}
{"level":"info","time":"2023-12-05 10:58:08","location":"simple_file_server/server.go:82","msg":"初始化路由配置..."}
{"level":"info","time":"2023-12-05 10:58:08","location":"simple_file_server/server.go:57","msg":"服务启动成功！"}
{"level":"info","time":"2023-12-05 10:58:17","location":"simple_file_server/server.go:24","msg":"服务正在启动..."}
{"level":"info","time":"2023-12-05 10:58:17","location":"simple_file_server/server.go:82","msg":"初始化路由配置..."}
{"level":"info","time":"2023-12-05 10:58:17","location":"simple_file_server/server.go:57","msg":"服务启动成功！"}
{"level":"info","time":"2023-12-05 10:58:30","location":"simple_file_server/server.go:24","msg":"服务正在启动..."}
{"level":"info","time":"2023-12-05 10:58:30","location":"simple_file_server/server.go:82","msg":"初始化路由配置..."}
{"level":"info","time":"2023-12-05 10:58:30","location":"simple_file_server/server.go:57","msg":"服务启动成功！"}
{"level":"info","time":"2023-12-05 10:58:43","location":"simple_file_server/server.go:24","msg":"服务正在启动..."}
{"level":"info","time":"2023-12-05 10:58:43","location":"simple_file_server/server.go:82","msg":"初始化路由配置..."}
{"level":"info","time":"2023-12-05 10:58:43","location":"simple_file_server/server.go:57","msg":"服务启动成功！"}
{"level":"info","time":"2023-12-05 10:59:34","location":"simple_file_server/server.go:24","msg":"服务正在启动..."}
{"level":"info","time":"2023-12-05 10:59:34","location":"simple_file_server/server.go:82","msg":"初始化路由配置..."}
{"level":"info","time":"2023-12-05 10:59:34","location":"simple_file_server/server.go:57","msg":"服务启动成功！"}
{"level":"info","time":"2023-12-05 11:00:40","location":"simple_file_server/server.go:24","msg":"服务正在启动..."}
{"level":"info","time":"2023-12-05 11:00:40","location":"simple_file_server/server.go:82","msg":"初始化路由配置..."}
{"level":"info","time":"2023-12-05 11:00:40","location":"simple_file_server/server.go:57","msg":"服务启动成功！"}
{"level":"info","time":"2023-12-05 11:01:08","location":"simple_file_server/server.go:24","msg":"服务正在启动..."}
{"level":"info","time":"2023-12-05 11:01:08","location":"simple_file_server/server.go:82","msg":"初始化路由配置..."}
{"level":"info","time":"2023-12-05 11:01:08","location":"simple_file_server/server.go:57","msg":"服务启动成功！"}
{"level":"info","time":"2023-12-05 11:01:35","location":"simple_file_server/server.go:24","msg":"服务正在启动..."}
{"level":"info","time":"2023-12-05 11:01:35","location":"simple_file_server/server.go:82","msg":"初始化路由配置..."}
{"level":"info","time":"2023-12-05 11:01:35","location":"simple_file_server/server.go:57","msg":"服务启动成功！"}
{"level":"info","time":"2023-12-05 11:02:00","location":"simple_file_server/server.go:24","msg":"服务正在启动..."}
{"level":"info","time":"2023-12-05 11:02:00","location":"simple_file_server/server.go:82","msg":"初始化路由配置..."}
{"level":"info","time":"2023-12-05 11:02:00","location":"simple_file_server/server.go:57","msg":"服务启动成功！"}
{"level":"info","time":"2023-12-05 11:02:06","location":"simple_file_server/server.go:24","msg":"服务正在启动..."}
{"level":"info","time":"2023-12-05 11:02:06","location":"simple_file_server/server.go:82","msg":"初始化路由配置..."}
{"level":"info","time":"2023-12-05 11:02:06","location":"simple_file_server/server.go:57","msg":"服务启动成功！"}
{"level":"info","time":"2023-12-05 11:02:16","location":"simple_file_server/server.go:24","msg":"服务正在启动..."}
{"level":"info","time":"2023-12-05 11:02:16","location":"simple_file_server/server.go:82","msg":"初始化路由配置..."}
{"level":"info","time":"2023-12-05 11:02:16","location":"simple_file_server/server.go:57","msg":"服务启动成功！"}
{"level":"info","time":"2023-12-05 11:02:26","location":"simple_file_server/server.go:24","msg":"服务正在启动..."}
{"level":"info","time":"2023-12-05 11:02:26","location":"simple_file_server/server.go:82","msg":"初始化路由配置..."}
{"level":"info","time":"2023-12-05 11:02:26","location":"simple_file_server/server.go:57","msg":"服务启动成功！"}
{"level":"debug","time":"2023-12-05 11:03:22","location":"simple_file_server/server.go:60","msg":"服务已正常关闭"}
